<?xml version="1.0" encoding="UTF-8"?>
<!-- Generated by org.testng.reporters.JUnitReportReporter -->
<testsuite skipped="0" hostname="DESKTOP-B51MS8E" name="test.LoginTest" tests="1" failures="0" timestamp="01 Jul 2021 00:18:39 GMT" time="14.480" errors="0">
  <testcase name="validUserShouldBeAbleToLogin" time="14.480" classname="test.LoginTest"/>
</testsuite> <!-- test.LoginTest -->
